\BOOKMARK [1][]{section.1}{\376\377\0001\000\040\000P\000r\000o\000j\000e\000c\000t\000\040\000O\000v\000e\000r\000v\000i\000e\000w}{}% 1
\BOOKMARK [2][]{subsection.1.1}{\376\377\0001\000.\0001\000\040\000I\000n\000t\000r\000o\000d\000u\000c\000t\000i\000o\000n}{section.1}% 2
\BOOKMARK [2][]{subsection.1.2}{\376\377\0001\000.\0002\000\040\000D\000e\000v\000e\000l\000o\000p\000m\000e\000n\000t\000\040\000P\000e\000r\000i\000o\000d}{section.1}% 3
\BOOKMARK [2][]{subsection.1.3}{\376\377\0001\000.\0003\000\040\000T\000e\000c\000h\000n\000o\000l\000o\000g\000y\000\040\000S\000t\000a\000c\000k}{section.1}% 4
\BOOKMARK [1][]{section.2}{\376\377\0002\000\040\000M\000a\000j\000o\000r\000\040\000F\000e\000a\000t\000u\000r\000e\000s\000\040\000I\000m\000p\000l\000e\000m\000e\000n\000t\000e\000d}{}% 5
\BOOKMARK [2][]{subsection.2.1}{\376\377\0002\000.\0001\000\040\000D\000o\000n\000a\000t\000i\000o\000n\000\040\000S\000y\000s\000t\000e\000m}{section.2}% 6
\BOOKMARK [3][]{subsubsection.2.1.1}{\376\377\0002\000.\0001\000.\0001\000\040\000O\000v\000e\000r\000v\000i\000e\000w}{subsection.2.1}% 7
\BOOKMARK [3][]{subsubsection.2.1.2}{\376\377\0002\000.\0001\000.\0002\000\040\000D\000o\000n\000a\000t\000i\000o\000n\000\040\000C\000a\000t\000e\000g\000o\000r\000i\000e\000s}{subsection.2.1}% 8
\BOOKMARK [3][]{subsubsection.2.1.3}{\376\377\0002\000.\0001\000.\0003\000\040\000K\000e\000y\000\040\000F\000e\000a\000t\000u\000r\000e\000s}{subsection.2.1}% 9
\BOOKMARK [3][]{subsubsection.2.1.4}{\376\377\0002\000.\0001\000.\0004\000\040\000U\000s\000e\000r\000\040\000F\000l\000o\000w}{subsection.2.1}% 10
\BOOKMARK [2][]{subsection.2.2}{\376\377\0002\000.\0002\000\040\000S\000u\000p\000a\000b\000a\000s\000e\000\040\000B\000a\000c\000k\000e\000n\000d\000\040\000I\000n\000t\000e\000g\000r\000a\000t\000i\000o\000n}{section.2}% 11
\BOOKMARK [3][]{subsubsection.2.2.1}{\376\377\0002\000.\0002\000.\0001\000\040\000D\000a\000t\000a\000b\000a\000s\000e\000\040\000S\000c\000h\000e\000m\000a}{subsection.2.2}% 12
\BOOKMARK [3][]{subsubsection.2.2.2}{\376\377\0002\000.\0002\000.\0002\000\040\000A\000P\000I\000\040\000R\000o\000u\000t\000e\000s}{subsection.2.2}% 13
\BOOKMARK [2][]{subsection.2.3}{\376\377\0002\000.\0003\000\040\000A\000d\000m\000i\000n\000i\000s\000t\000r\000a\000t\000i\000v\000e\000\040\000D\000a\000s\000h\000b\000o\000a\000r\000d}{section.2}% 14
\BOOKMARK [3][]{subsubsection.2.3.1}{\376\377\0002\000.\0003\000.\0001\000\040\000A\000c\000c\000e\000s\000s\000\040\000C\000o\000n\000t\000r\000o\000l}{subsection.2.3}% 15
\BOOKMARK [3][]{subsubsection.2.3.2}{\376\377\0002\000.\0003\000.\0002\000\040\000A\000d\000m\000i\000n\000\040\000F\000e\000a\000t\000u\000r\000e\000s}{subsection.2.3}% 16
\BOOKMARK [2][]{subsection.2.4}{\376\377\0002\000.\0004\000\040\000M\000o\000d\000e\000r\000n\000\040\000N\000a\000v\000i\000g\000a\000t\000i\000o\000n\000\040\000S\000y\000s\000t\000e\000m}{section.2}% 17
\BOOKMARK [3][]{subsubsection.2.4.1}{\376\377\0002\000.\0004\000.\0001\000\040\000D\000e\000s\000i\000g\000n\000\040\000P\000h\000i\000l\000o\000s\000o\000p\000h\000y}{subsection.2.4}% 18
\BOOKMARK [3][]{subsubsection.2.4.2}{\376\377\0002\000.\0004\000.\0002\000\040\000K\000e\000y\000\040\000F\000e\000a\000t\000u\000r\000e\000s}{subsection.2.4}% 19
\BOOKMARK [1][]{section.3}{\376\377\0003\000\040\000U\000I\000/\000U\000X\000\040\000I\000m\000p\000r\000o\000v\000e\000m\000e\000n\000t\000s}{}% 20
\BOOKMARK [2][]{subsection.3.1}{\376\377\0003\000.\0001\000\040\000H\000o\000m\000e\000p\000a\000g\000e\000\040\000E\000n\000h\000a\000n\000c\000e\000m\000e\000n\000t\000s}{section.3}% 21
\BOOKMARK [2][]{subsection.3.2}{\376\377\0003\000.\0002\000\040\000V\000i\000s\000u\000a\000l\000\040\000P\000o\000l\000i\000s\000h}{section.3}% 22
\BOOKMARK [2][]{subsection.3.3}{\376\377\0003\000.\0003\000\040\000M\000o\000b\000i\000l\000e\000\040\000R\000e\000s\000p\000o\000n\000s\000i\000v\000e\000n\000e\000s\000s}{section.3}% 23
\BOOKMARK [1][]{section.4}{\376\377\0004\000\040\000T\000e\000c\000h\000n\000i\000c\000a\000l\000\040\000I\000m\000p\000l\000e\000m\000e\000n\000t\000a\000t\000i\000o\000n\000\040\000D\000e\000t\000a\000i\000l\000s}{}% 24
\BOOKMARK [2][]{subsection.4.1}{\376\377\0004\000.\0001\000\040\000C\000o\000m\000p\000o\000n\000e\000n\000t\000\040\000A\000r\000c\000h\000i\000t\000e\000c\000t\000u\000r\000e}{section.4}% 25
\BOOKMARK [2][]{subsection.4.2}{\376\377\0004\000.\0002\000\040\000D\000a\000t\000a\000b\000a\000s\000e\000\040\000S\000c\000h\000e\000m\000a}{section.4}% 26
\BOOKMARK [2][]{subsection.4.3}{\376\377\0004\000.\0003\000\040\000S\000e\000a\000r\000c\000h\000\040\000I\000m\000p\000l\000e\000m\000e\000n\000t\000a\000t\000i\000o\000n}{section.4}% 27
\BOOKMARK [1][]{section.5}{\376\377\0005\000\040\000S\000e\000c\000u\000r\000i\000t\000y\000\040\000C\000o\000n\000s\000i\000d\000e\000r\000a\000t\000i\000o\000n\000s}{}% 28
\BOOKMARK [2][]{subsection.5.1}{\376\377\0005\000.\0001\000\040\000A\000u\000t\000h\000e\000n\000t\000i\000c\000a\000t\000i\000o\000n}{section.5}% 29
\BOOKMARK [2][]{subsection.5.2}{\376\377\0005\000.\0002\000\040\000D\000a\000t\000a\000\040\000P\000r\000o\000t\000e\000c\000t\000i\000o\000n}{section.5}% 30
\BOOKMARK [2][]{subsection.5.3}{\376\377\0005\000.\0003\000\040\000B\000e\000s\000t\000\040\000P\000r\000a\000c\000t\000i\000c\000e\000s}{section.5}% 31
\BOOKMARK [1][]{section.6}{\376\377\0006\000\040\000P\000e\000r\000f\000o\000r\000m\000a\000n\000c\000e\000\040\000O\000p\000t\000i\000m\000i\000z\000a\000t\000i\000o\000n\000s}{}% 32
\BOOKMARK [2][]{subsection.6.1}{\376\377\0006\000.\0001\000\040\000L\000o\000a\000d\000i\000n\000g\000\040\000O\000p\000t\000i\000m\000i\000z\000a\000t\000i\000o\000n}{section.6}% 33
\BOOKMARK [2][]{subsection.6.2}{\376\377\0006\000.\0002\000\040\000S\000t\000a\000t\000e\000\040\000M\000a\000n\000a\000g\000e\000m\000e\000n\000t}{section.6}% 34
\BOOKMARK [1][]{section.7}{\376\377\0007\000\040\000T\000e\000s\000t\000i\000n\000g\000\040\000a\000n\000d\000\040\000Q\000u\000a\000l\000i\000t\000y\000\040\000A\000s\000s\000u\000r\000a\000n\000c\000e}{}% 35
\BOOKMARK [2][]{subsection.7.1}{\376\377\0007\000.\0001\000\040\000A\000r\000e\000a\000s\000\040\000T\000e\000s\000t\000e\000d}{section.7}% 36
\BOOKMARK [2][]{subsection.7.2}{\376\377\0007\000.\0002\000\040\000B\000r\000o\000w\000s\000e\000r\000\040\000C\000o\000m\000p\000a\000t\000i\000b\000i\000l\000i\000t\000y}{section.7}% 37
\BOOKMARK [1][]{section.8}{\376\377\0008\000\040\000D\000o\000c\000u\000m\000e\000n\000t\000a\000t\000i\000o\000n\000\040\000C\000r\000e\000a\000t\000e\000d}{}% 38
\BOOKMARK [2][]{subsection.8.1}{\376\377\0008\000.\0001\000\040\000U\000s\000e\000r\000\040\000D\000o\000c\000u\000m\000e\000n\000t\000a\000t\000i\000o\000n}{section.8}% 39
\BOOKMARK [2][]{subsection.8.2}{\376\377\0008\000.\0002\000\040\000T\000e\000c\000h\000n\000i\000c\000a\000l\000\040\000D\000o\000c\000u\000m\000e\000n\000t\000a\000t\000i\000o\000n}{section.8}% 40
\BOOKMARK [1][]{section.9}{\376\377\0009\000\040\000D\000e\000p\000l\000o\000y\000m\000e\000n\000t\000\040\000C\000o\000n\000f\000i\000g\000u\000r\000a\000t\000i\000o\000n}{}% 41
\BOOKMARK [2][]{subsection.9.1}{\376\377\0009\000.\0001\000\040\000V\000e\000r\000c\000e\000l\000\040\000D\000e\000p\000l\000o\000y\000m\000e\000n\000t}{section.9}% 42
\BOOKMARK [3][]{subsubsection.9.1.1}{\376\377\0009\000.\0001\000.\0001\000\040\000P\000l\000a\000t\000f\000o\000r\000m\000\040\000O\000v\000e\000r\000v\000i\000e\000w}{subsection.9.1}% 43
\BOOKMARK [3][]{subsubsection.9.1.2}{\376\377\0009\000.\0001\000.\0002\000\040\000C\000u\000r\000r\000e\000n\000t\000\040\000D\000e\000p\000l\000o\000y\000m\000e\000n\000t\000\040\000S\000t\000a\000t\000u\000s}{subsection.9.1}% 44
\BOOKMARK [3][]{subsubsection.9.1.3}{\376\377\0009\000.\0001\000.\0003\000\040\000E\000n\000v\000i\000r\000o\000n\000m\000e\000n\000t\000\040\000V\000a\000r\000i\000a\000b\000l\000e\000s\000\040\000o\000n\000\040\000V\000e\000r\000c\000e\000l}{subsection.9.1}% 45
\BOOKMARK [3][]{subsubsection.9.1.4}{\376\377\0009\000.\0001\000.\0004\000\040\000V\000e\000r\000c\000e\000l\000\040\000C\000o\000n\000f\000i\000g\000u\000r\000a\000t\000i\000o\000n\000\040\000F\000i\000l\000e}{subsection.9.1}% 46
\BOOKMARK [1][]{section.10}{\376\377\0001\0000\000\040\000D\000e\000p\000l\000o\000y\000m\000e\000n\000t\000\040\000R\000e\000a\000d\000i\000n\000e\000s\000s}{}% 47
\BOOKMARK [2][]{subsection.10.1}{\376\377\0001\0000\000.\0001\000\040\000P\000r\000o\000d\000u\000c\000t\000i\000o\000n\000\040\000C\000h\000e\000c\000k\000l\000i\000s\000t}{section.10}% 48
\BOOKMARK [2][]{subsection.10.2}{\376\377\0001\0000\000.\0002\000\040\000E\000n\000v\000i\000r\000o\000n\000m\000e\000n\000t\000\040\000V\000a\000r\000i\000a\000b\000l\000e\000s\000\040\000R\000e\000q\000u\000i\000r\000e\000d}{section.10}% 49
\BOOKMARK [2][]{subsection.10.3}{\376\377\0001\0000\000.\0003\000\040\000D\000e\000p\000l\000o\000y\000m\000e\000n\000t\000\040\000S\000t\000e\000p\000s}{section.10}% 50
\BOOKMARK [1][]{section.11}{\376\377\0001\0001\000\040\000F\000u\000t\000u\000r\000e\000\040\000E\000n\000h\000a\000n\000c\000e\000m\000e\000n\000t\000s}{}% 51
\BOOKMARK [2][]{subsection.11.1}{\376\377\0001\0001\000.\0001\000\040\000I\000m\000m\000e\000d\000i\000a\000t\000e\000\040\000P\000r\000i\000o\000r\000i\000t\000i\000e\000s}{section.11}% 52
\BOOKMARK [2][]{subsection.11.2}{\376\377\0001\0001\000.\0002\000\040\000L\000o\000n\000g\000-\000t\000e\000r\000m\000\040\000R\000o\000a\000d\000m\000a\000p}{section.11}% 53
\BOOKMARK [1][]{section.12}{\376\377\0001\0002\000\040\000C\000o\000n\000c\000l\000u\000s\000i\000o\000n}{}% 54
\BOOKMARK [2][]{subsection.12.1}{\376\377\0001\0002\000.\0001\000\040\000A\000c\000h\000i\000e\000v\000e\000m\000e\000n\000t\000s}{section.12}% 55
\BOOKMARK [2][]{subsection.12.2}{\376\377\0001\0002\000.\0002\000\040\000P\000r\000o\000j\000e\000c\000t\000\040\000S\000t\000a\000t\000u\000s}{section.12}% 56
\BOOKMARK [2][]{subsection.12.3}{\376\377\0001\0002\000.\0003\000\040\000N\000e\000x\000t\000\040\000S\000t\000e\000p\000s}{section.12}% 57
